Determining if the pthread_create exist failed with the following output:
Change Dir: /home/lixiao/Desktop/MBot/build/CMakeFiles/CMakeTmp

Run Build Command:/usr/bin/make "cmTryCompileExec4179568152/fast"
/usr/bin/make -f CMakeFiles/cmTryCompileExec4179568152.dir/build.make CMakeFiles/cmTryCompileExec4179568152.dir/build
make[1]: Entering directory `/home/lixiao/Desktop/MBot/build/CMakeFiles/CMakeTmp'
/usr/bin/cmake -E cmake_progress_report /home/lixiao/Desktop/MBot/build/CMakeFiles/CMakeTmp/CMakeFiles 1
Building C object CMakeFiles/cmTryCompileExec4179568152.dir/CheckSymbolExists.c.o
/usr/bin/cc    -o CMakeFiles/cmTryCompileExec4179568152.dir/CheckSymbolExists.c.o   -c /home/lixiao/Desktop/MBot/build/CMakeFiles/CMakeTmp/CheckSymbolExists.c
Linking C executable cmTryCompileExec4179568152
/usr/bin/cmake -E cmake_link_script CMakeFiles/cmTryCompileExec4179568152.dir/link.txt --verbose=1
/usr/bin/cc         CMakeFiles/cmTryCompileExec4179568152.dir/CheckSymbolExists.c.o  -o cmTryCompileExec4179568152 -rdynamic 
CMakeFiles/cmTryCompileExec4179568152.dir/CheckSymbolExists.c.o: In function `main':
CheckSymbolExists.c:(.text+0x16): undefined reference to `pthread_create'
collect2: error: ld returned 1 exit status
make[1]: *** [cmTryCompileExec4179568152] Error 1
make[1]: Leaving directory `/home/lixiao/Desktop/MBot/build/CMakeFiles/CMakeTmp'
make: *** [cmTryCompileExec4179568152/fast] Error 2

File /home/lixiao/Desktop/MBot/build/CMakeFiles/CMakeTmp/CheckSymbolExists.c:
/* */
#include <pthread.h>

int main(int argc, char** argv)
{
  (void)argv;
#ifndef pthread_create
  return ((int*)(&pthread_create))[argc];
#else
  (void)argc;
  return 0;
#endif
}

Determining if the function pthread_create exists in the pthreads failed with the following output:
Change Dir: /home/lixiao/Desktop/MBot/build/CMakeFiles/CMakeTmp

Run Build Command:/usr/bin/make "cmTryCompileExec71366464/fast"
/usr/bin/make -f CMakeFiles/cmTryCompileExec71366464.dir/build.make CMakeFiles/cmTryCompileExec71366464.dir/build
make[1]: Entering directory `/home/lixiao/Desktop/MBot/build/CMakeFiles/CMakeTmp'
/usr/bin/cmake -E cmake_progress_report /home/lixiao/Desktop/MBot/build/CMakeFiles/CMakeTmp/CMakeFiles 1
Building C object CMakeFiles/cmTryCompileExec71366464.dir/CheckFunctionExists.c.o
/usr/bin/cc   -DCHECK_FUNCTION_EXISTS=pthread_create   -o CMakeFiles/cmTryCompileExec71366464.dir/CheckFunctionExists.c.o   -c /usr/share/cmake-2.8/Modules/CheckFunctionExists.c
Linking C executable cmTryCompileExec71366464
/usr/bin/cmake -E cmake_link_script CMakeFiles/cmTryCompileExec71366464.dir/link.txt --verbose=1
/usr/bin/cc     -DCHECK_FUNCTION_EXISTS=pthread_create    CMakeFiles/cmTryCompileExec71366464.dir/CheckFunctionExists.c.o  -o cmTryCompileExec71366464 -rdynamic -lpthreads 
/usr/bin/ld: cannot find -lpthreads
collect2: error: ld returned 1 exit status
make[1]: *** [cmTryCompileExec71366464] Error 1
make[1]: Leaving directory `/home/lixiao/Desktop/MBot/build/CMakeFiles/CMakeTmp'
make: *** [cmTryCompileExec71366464/fast] Error 2


